[demo.2webros.com/myvitae/index.html]
[backblue.gif]
[fade.gif]
[index.html]
[demo.2webros.com/myvitae/img/pic1.jpg]
[demo.2webros.com/myvitae/img/full1.jpg]
[demo.2webros.com/myvitae/img/pic2.jpg]
[demo.2webros.com/myvitae/img/full2.jpg]
[demo.2webros.com/myvitae/img/pic3.jpg]
[demo.2webros.com/myvitae/img/full3.jpg]
[demo.2webros.com/myvitae/img/pic4.jpg]
[demo.2webros.com/myvitae/img/full4.jpg]
[demo.2webros.com/myvitae/img/pic5.jpg]
[demo.2webros.com/myvitae/img/full5.jpg]
[demo.2webros.com/myvitae/img/pic6.jpg]
[demo.2webros.com/myvitae/img/full6.jpg]
[demo.2webros.com/myvitae/img/award1.png]
[demo.2webros.com/myvitae/img/award2.png]
[demo.2webros.com/myvitae/img/award3.png]
[demo.2webros.com/myvitae/img/award4.png]
[demo.2webros.com/myvitae/img/profilepic.png]
[ajax.googleapis.com/ajax/libs/jquery/1/jquery.js]
[demo.2webros.com/myvitae/js/plugins/jquery-ui.min.js]
[demo.2webros.com/myvitae/js/plugins/jquery.appear.min.js]
[demo.2webros.com/myvitae/js/plugins/jquery.easing.1.3.min.js]
[demo.2webros.com/myvitae/js/plugins/modernizr.custom.min.js]
[demo.2webros.com/myvitae/js/plugins/jquery.countTo.min.js]
[demo.2webros.com/myvitae/js/plugins/jquery.fancybox.min.js]
[demo.2webros.com/myvitae/bootstrap/js/bootstrap.min.js]
[demo.2webros.com/myvitae/js/plugins/classie.min.js]
[demo.2webros.com/myvitae/js/plugins/jquery.scrollTo.min.js]
[demo.2webros.com/myvitae/js/plugins/jquery.localScroll.min.js]
[demo.2webros.com/myvitae/js/plugins/cbpSplitLayout.min.js]
[demo.2webros.com/myvitae/js/main.js]
[demo.2webros.com/myvitae/index.html]
[demo.2webros.com/myvitae/css/main.css]
[demo.2webros.com/myvitae/img/mainpic.png]
[demo.2webros.com/myvitae/img/blurpic.png]
[demo.2webros.com/myvitae/img/preloader.gif]
[demo.2webros.com/myvitae/img/close.png]
[demo.2webros.com/myvitae/img/blank.gif]
[demo.2webros.com/myvitae/img/rightarrow.png]
[demo.2webros.com/myvitae/img/fancybox_overlay.png]
[demo.2webros.com/myvitae/css/style.css]
[demo.2webros.com/myvitae/icon/fontawesome-webfont3295.eot]
[demo.2webros.com/myvitae/icon/fontawesome-webfontd41d.eot]
[demo.2webros.com/myvitae/icon/fontawesome-webfont3295.woff]
[demo.2webros.com/myvitae/icon/fontawesome-webfont3295.ttf]
[demo.2webros.com/myvitae/css/font-awesome.css]
[demo.2webros.com/myvitae/icon/font/ionicons28b5.eot]
[demo.2webros.com/myvitae/icon/font/ionicons28b5.ttf]
[demo.2webros.com/myvitae/icon/font/ionicons28b5.woff]
[demo.2webros.com/myvitae/icon/css/ionicons.css]
[demo.2webros.com/myvitae/bootstrap/css/bootstrap.css]
[demo.2webros.com/myvitae/css/tooltip-bloated.css]
[demo.2webros.com/myvitae/css/responsive.css]
[demo.2webros.com/myvitae/img/leftarrow.html]
[demo.2webros.com/myvitae/icons/fontawesome-webfont3295.html]
[demo.2webros.com/myvitae/icon/fontawesome-webfont3295.svg]
[demo.2webros.com/myvitae/icon/font/ionicons28b5.svg]
[demo.2webros.com/myvitae/bootstrap/fonts/glyphicons-halflings-regular.html]
[demo.2webros.com/myvitae/bootstrap/fonts/glyphicons-halflings-regulard41d.html]
[demo.2webros.com/myvitae/bootstrap/fonts/glyphicons-halflings-regular-2.html]
[demo.2webros.com/myvitae/bootstrap/fonts/glyphicons-halflings-regular-3.html]
[demo.2webros.com/myvitae/bootstrap/fonts/glyphicons-halflings-regular-4.html]
[demo.2webros.com/myvitae/bootstrap/fonts/glyphicons-halflings-regular-5.html]
